<?xml version="1.0" encoding="UTF-8"?>
<testsuite name="org.ajoberstar.grgit.gradle.BaseCompatTest" tests="3" skipped="0" failures="0" errors="0" timestamp="2018-04-27T04:20:32" hostname="HP-OfficeJet-Pro-8720.local" time="9.486">
  <properties/>
  <testcase name="with no repo, plugin sets grgit to null" classname="org.ajoberstar.grgit.gradle.BaseCompatTest" time="7.691"/>
  <testcase name="with repo, plugin opens the repo as grgit" classname="org.ajoberstar.grgit.gradle.BaseCompatTest" time="1.392"/>
  <testcase name="with repo, plugin closes the repo after build is finished" classname="org.ajoberstar.grgit.gradle.BaseCompatTest" time="0.403"/>
  <system-out><![CDATA[No git repository found for :. Accessing grgit will cause an NPE.
:doStuff

BUILD SUCCESSFUL in 5s
1 actionable task: 1 executed
1.0.0
The client will now receive all logging from the daemon (pid: 98572). The daemon log file: /var/folders/yr/543vxp0d2pj84mhjhwjyf7p80000gn/T/.gradle-test-kit-andreakosta/test-kit-daemon/4.2/daemon-98572.out.log
Starting 3rd build in daemon [uptime: 6.048 secs, performance: 99%, no major garbage collections]
Closing daemon's stdin at end of input.
The daemon will no longer process any standard input.
Using 8 worker leases.
Creating new cache for fileHashes, path /private/var/folders/yr/543vxp0d2pj84mhjhwjyf7p80000gn/T/junit7848652768825228129/project/.gradle/4.2/fileHashes/fileHashes.bin, access org.gradle.cache.internal.DefaultCacheAccess@23cbf442
Creating new cache for plugin-use-metadata, path /private/var/folders/yr/543vxp0d2pj84mhjhwjyf7p80000gn/T/.gradle-test-kit-andreakosta/caches/4.2/plugin-resolution/plugin-use-metadata.bin, access org.gradle.cache.internal.DefaultCacheAccess@25f48e52
Creating new cache for client-status, path /private/var/folders/yr/543vxp0d2pj84mhjhwjyf7p80000gn/T/.gradle-test-kit-andreakosta/caches/4.2/plugin-resolution/client-status.bin, access org.gradle.cache.internal.DefaultCacheAccess@25f48e52
Starting Build
Settings evaluated using settings file '/private/var/folders/yr/543vxp0d2pj84mhjhwjyf7p80000gn/T/junit7848652768825228129/project/settings.gradle'.
Projects loaded. Root project using build file '/private/var/folders/yr/543vxp0d2pj84mhjhwjyf7p80000gn/T/junit7848652768825228129/project/build.gradle'.
Included projects: [root project 'project']
Evaluating root project 'project' using build file '/private/var/folders/yr/543vxp0d2pj84mhjhwjyf7p80000gn/T/junit7848652768825228129/project/build.gradle'.
All projects evaluated.
Selected primary task 'doStuff' from project :
Tasks to be executed: [task ':doStuff']
Creating new cache for resourceHashesCache, path /private/var/folders/yr/543vxp0d2pj84mhjhwjyf7p80000gn/T/junit7848652768825228129/project/.gradle/4.2/fileHashes/resourceHashesCache.bin, access org.gradle.cache.internal.DefaultCacheAccess@23cbf442
Creating new cache for fileSnapshots, path /private/var/folders/yr/543vxp0d2pj84mhjhwjyf7p80000gn/T/junit7848652768825228129/project/.gradle/4.2/taskHistory/fileSnapshots.bin, access org.gradle.cache.internal.DefaultCacheAccess@215ec46f
Creating new cache for taskHistory, path /private/var/folders/yr/543vxp0d2pj84mhjhwjyf7p80000gn/T/junit7848652768825228129/project/.gradle/4.2/taskHistory/taskHistory.bin, access org.gradle.cache.internal.DefaultCacheAccess@215ec46f
Creating new cache for outputFiles, path /private/var/folders/yr/543vxp0d2pj84mhjhwjyf7p80000gn/T/junit7848652768825228129/project/.gradle/buildOutputCleanup/outputFiles.bin, access org.gradle.cache.internal.DefaultCacheAccess@6f466fe0
:doStuff (Thread[Task worker for ':',5,main]) started.
:doStuff
Putting task artifact state for task ':doStuff' into context took 0.0 secs.
Executing task ':doStuff' (up-to-date check took 0.0 secs) due to:
  Task has not declared any outputs.
1.0.0
:doStuff (Thread[Task worker for ':',5,main]) completed. Took 0.02 secs.

BUILD SUCCESSFUL in 0s
1 actionable task: 1 executed
Closing Git repo: /private/var/folders/yr/543vxp0d2pj84mhjhwjyf7p80000gn/T/junit7848652768825228129/project/.git
]]></system-out>
  <system-err><![CDATA[]]></system-err>
</testsuite>
