<?xml version="1.0" encoding="UTF-8"?>
<testsuite name="org.ajoberstar.grgit.gradle.BaseCompatTest" tests="3" skipped="0" failures="0" errors="0" timestamp="2018-04-27T04:20:22" hostname="HP-OfficeJet-Pro-8720.local" time="8.685">
  <properties/>
  <testcase name="with no repo, plugin sets grgit to null" classname="org.ajoberstar.grgit.gradle.BaseCompatTest" time="7.352"/>
  <testcase name="with repo, plugin opens the repo as grgit" classname="org.ajoberstar.grgit.gradle.BaseCompatTest" time="1.091"/>
  <testcase name="with repo, plugin closes the repo after build is finished" classname="org.ajoberstar.grgit.gradle.BaseCompatTest" time="0.242"/>
  <system-out><![CDATA[No git repository found for :. Accessing grgit will cause an NPE.
:doStuff

BUILD SUCCESSFUL in 5s
1 actionable task: 1 executed
1.0.0
The client will now receive all logging from the daemon (pid: 98560). The daemon log file: /var/folders/yr/543vxp0d2pj84mhjhwjyf7p80000gn/T/.gradle-test-kit-andreakosta/test-kit-daemon/4.1/daemon-98560.out.log
Starting 3rd build in daemon [uptime: 5.809 secs, performance: 99%, no major garbage collections]
Closing daemon's stdin at end of input.
The daemon will no longer process any standard input.
Using 8 worker leases.
Creating new cache for fileHashes, path /private/var/folders/yr/543vxp0d2pj84mhjhwjyf7p80000gn/T/junit3298703132056837090/project/.gradle/4.1/fileHashes/fileHashes.bin, access org.gradle.cache.internal.DefaultCacheAccess@2e00972b
Creating new cache for plugin-use-metadata, path /private/var/folders/yr/543vxp0d2pj84mhjhwjyf7p80000gn/T/.gradle-test-kit-andreakosta/caches/4.1/plugin-resolution/plugin-use-metadata.bin, access org.gradle.cache.internal.DefaultCacheAccess@1aa97808
Creating new cache for client-status, path /private/var/folders/yr/543vxp0d2pj84mhjhwjyf7p80000gn/T/.gradle-test-kit-andreakosta/caches/4.1/plugin-resolution/client-status.bin, access org.gradle.cache.internal.DefaultCacheAccess@1aa97808
Starting Build
Settings evaluated using settings file '/private/var/folders/yr/543vxp0d2pj84mhjhwjyf7p80000gn/T/junit3298703132056837090/project/settings.gradle'.
Projects loaded. Root project using build file '/private/var/folders/yr/543vxp0d2pj84mhjhwjyf7p80000gn/T/junit3298703132056837090/project/build.gradle'.
Included projects: [root project 'project']
Evaluating root project 'project' using build file '/private/var/folders/yr/543vxp0d2pj84mhjhwjyf7p80000gn/T/junit3298703132056837090/project/build.gradle'.
All projects evaluated.
Selected primary task 'doStuff' from project :
Tasks to be executed: [task ':doStuff']
Creating new cache for resourceHashesCache, path /private/var/folders/yr/543vxp0d2pj84mhjhwjyf7p80000gn/T/junit3298703132056837090/project/.gradle/4.1/fileHashes/resourceHashesCache.bin, access org.gradle.cache.internal.DefaultCacheAccess@2e00972b
Creating new cache for fileSnapshots, path /private/var/folders/yr/543vxp0d2pj84mhjhwjyf7p80000gn/T/junit3298703132056837090/project/.gradle/4.1/taskHistory/fileSnapshots.bin, access org.gradle.cache.internal.DefaultCacheAccess@4d0fc561
Creating new cache for taskHistory, path /private/var/folders/yr/543vxp0d2pj84mhjhwjyf7p80000gn/T/junit3298703132056837090/project/.gradle/4.1/taskHistory/taskHistory.bin, access org.gradle.cache.internal.DefaultCacheAccess@4d0fc561
:doStuff (Thread[Task worker for ':',5,main]) started.
:doStuff
Putting task artifact state for task ':doStuff' into context took 0.0 secs.
Executing task ':doStuff' (up-to-date check took 0.0 secs) due to:
  Task has not declared any outputs.
1.0.0
:doStuff (Thread[Task worker for ':',5,main]) completed. Took 0.018 secs.

BUILD SUCCESSFUL in 0s
1 actionable task: 1 executed
Closing Git repo: /private/var/folders/yr/543vxp0d2pj84mhjhwjyf7p80000gn/T/junit3298703132056837090/project/.git
]]></system-out>
  <system-err><![CDATA[]]></system-err>
</testsuite>
