<?xml version="1.0" encoding="UTF-8"?>
<testsuite name="org.ajoberstar.grgit.operation.RevertOpSpec" tests="2" skipped="0" failures="0" errors="0" timestamp="2018-04-27T04:23:30" hostname="HP-OfficeJet-Pro-8720.local" time="0.897">
  <properties/>
  <testcase name="revert with no commits does nothing" classname="org.ajoberstar.grgit.operation.RevertOpSpec" time="0.33"/>
  <testcase name="revert with commits removes associated changes" classname="org.ajoberstar.grgit.operation.RevertOpSpec" time="0.567"/>
  <system-out><![CDATA[]]></system-out>
  <system-err><![CDATA[]]></system-err>
</testsuite>
