<?xml version="1.0" encoding="UTF-8"?>
<testsuite name="org.ajoberstar.grgit.auth.AuthConfigSpec" tests="14" skipped="0" failures="0" errors="0" timestamp="2018-04-27T04:23:46" hostname="HP-OfficeJet-Pro-8720.local" time="0.068">
  <properties/>
  <testcase name="with [:] only [HARDCODED, INTERACTIVE, SSHAGENT, PAGEANT] are allowed" classname="org.ajoberstar.grgit.auth.AuthConfigSpec" time="0.038"/>
  <testcase name="with [force:hardcoded] only [HARDCODED] are allowed" classname="org.ajoberstar.grgit.auth.AuthConfigSpec" time="0.002"/>
  <testcase name="with [force:INTERACTIVE] only [INTERACTIVE] are allowed" classname="org.ajoberstar.grgit.auth.AuthConfigSpec" time="0.0"/>
  <testcase name="with [force:ssHaGeNT] only [SSHAGENT] are allowed" classname="org.ajoberstar.grgit.auth.AuthConfigSpec" time="0.0"/>
  <testcase name="with [force:PaGeAnT] only [PAGEANT] are allowed" classname="org.ajoberstar.grgit.auth.AuthConfigSpec" time="0.001"/>
  <testcase name="with [force:hardcoded, hardcoded.allow:false] only [HARDCODED] are allowed" classname="org.ajoberstar.grgit.auth.AuthConfigSpec" time="0.0"/>
  <testcase name="with [hardcoded.allow:false, interactive.allow:anything] only [SSHAGENT, PAGEANT] are allowed" classname="org.ajoberstar.grgit.auth.AuthConfigSpec" time="0.001"/>
  <testcase name="with [pageant.allow:true, sshagent.allow:false] only [HARDCODED, INTERACTIVE, PAGEANT] are allowed" classname="org.ajoberstar.grgit.auth.AuthConfigSpec" time="0.0"/>
  <testcase name="getHardcodedCreds returns creds if username and password are set with properties" classname="org.ajoberstar.grgit.auth.AuthConfigSpec" time="0.001"/>
  <testcase name="getHardcodedCreds returns creds if username and password are set with env" classname="org.ajoberstar.grgit.auth.AuthConfigSpec" time="0.001"/>
  <testcase name="getHardcodedCreds returns creds if username is set and password is not" classname="org.ajoberstar.grgit.auth.AuthConfigSpec" time="0.0"/>
  <testcase name="getHardcodedCreds are not populated if username is not set" classname="org.ajoberstar.grgit.auth.AuthConfigSpec" time="0.0"/>
  <testcase name="getSessionConfig returns empty map if nothing specified" classname="org.ajoberstar.grgit.auth.AuthConfigSpec" time="0.019"/>
  <testcase name="getSessionConfig returns session config based on system property" classname="org.ajoberstar.grgit.auth.AuthConfigSpec" time="0.002"/>
  <system-out><![CDATA[]]></system-out>
  <system-err><![CDATA[]]></system-err>
</testsuite>
