<?xml version="1.0" encoding="UTF-8"?>
<testsuite name="org.ajoberstar.grgit.operation.TagRemoveOpSpec" tests="4" skipped="0" failures="0" errors="0" timestamp="2018-04-27T04:22:38" hostname="HP-OfficeJet-Pro-8720.local" time="0.62">
  <properties/>
  <testcase name="tag remove with empty list does nothing" classname="org.ajoberstar.grgit.operation.TagRemoveOpSpec" time="0.216"/>
  <testcase name="tag remove with one tag removes tag" classname="org.ajoberstar.grgit.operation.TagRemoveOpSpec" time="0.134"/>
  <testcase name="tag remove with multiple tags removes tags" classname="org.ajoberstar.grgit.operation.TagRemoveOpSpec" time="0.133"/>
  <testcase name="tag remove with invalid tags skips invalid and removes others" classname="org.ajoberstar.grgit.operation.TagRemoveOpSpec" time="0.137"/>
  <system-out><![CDATA[]]></system-out>
  <system-err><![CDATA[]]></system-err>
</testsuite>
