<?xml version="1.0" encoding="UTF-8"?>
<testsuite name="org.ajoberstar.grgit.operation.TagListOpSpec" tests="1" skipped="0" failures="0" errors="0" timestamp="2018-04-27T04:23:18" hostname="HP-OfficeJet-Pro-8720.local" time="0.204">
  <properties/>
  <testcase name="tag list lists all tags" classname="org.ajoberstar.grgit.operation.TagListOpSpec" time="0.204"/>
  <system-out><![CDATA[]]></system-out>
  <system-err><![CDATA[]]></system-err>
</testsuite>
