<?xml version="1.0" encoding="UTF-8"?>
<testsuite name="org.ajoberstar.grgit.operation.TagAddOpSpec" tests="5" skipped="0" failures="0" errors="0" timestamp="2018-04-27T04:23:39" hostname="HP-OfficeJet-Pro-8720.local" time="0.863">
  <properties/>
  <testcase name="tag add creates annotated tag pointing to current HEAD" classname="org.ajoberstar.grgit.operation.TagAddOpSpec" time="0.187"/>
  <testcase name="tag add with annotate false creates unannotated tag pointing to current HEAD" classname="org.ajoberstar.grgit.operation.TagAddOpSpec" time="0.17"/>
  <testcase name="tag add with name and pointsTo creates tag pointing to pointsTo" classname="org.ajoberstar.grgit.operation.TagAddOpSpec" time="0.158"/>
  <testcase name="tag add without force fails to overwrite existing tag" classname="org.ajoberstar.grgit.operation.TagAddOpSpec" time="0.161"/>
  <testcase name="tag add with force overwrites existing tag" classname="org.ajoberstar.grgit.operation.TagAddOpSpec" time="0.187"/>
  <system-out><![CDATA[]]></system-out>
  <system-err><![CDATA[]]></system-err>
</testsuite>
