<?xml version="1.0" encoding="UTF-8"?>
<testsuite name="org.ajoberstar.grgit.operation.LsRemoteOpSpec" tests="5" skipped="0" failures="0" errors="0" timestamp="2018-04-27T04:23:27" hostname="HP-OfficeJet-Pro-8720.local" time="3.522">
  <properties/>
  <testcase name="lsremote from non-existent remote fails" classname="org.ajoberstar.grgit.operation.LsRemoteOpSpec" time="0.748"/>
  <testcase name="lsremote returns all refs" classname="org.ajoberstar.grgit.operation.LsRemoteOpSpec" time="0.789"/>
  <testcase name="lsremote returns branches and tags" classname="org.ajoberstar.grgit.operation.LsRemoteOpSpec" time="0.527"/>
  <testcase name="lsremote returns only branches" classname="org.ajoberstar.grgit.operation.LsRemoteOpSpec" time="0.724"/>
  <testcase name="lsremote returns only tags" classname="org.ajoberstar.grgit.operation.LsRemoteOpSpec" time="0.734"/>
  <system-out><![CDATA[[org.ajoberstar.grgit.Branch(refs/heads/master), org.ajoberstar.grgit.Branch(refs/heads/my-branch), org.ajoberstar.grgit.Branch(refs/heads/sub/mine1), org.ajoberstar.grgit.Branch(refs/heads/sub/mine2), org.ajoberstar.grgit.Branch(refs/heads/unreachable-branch)]
[org.ajoberstar.grgit.Tag(org.ajoberstar.grgit.Commit(836b54335becaab220d1a50539aa5d195814c45c, [1966b33571333d9013ff1335382177b520899bb6], org.ajoberstar.grgit.Person(Bruce Wayne, bruce.wayne@wayneindustries.com), org.ajoberstar.grgit.Person(Bruce Wayne, bruce.wayne@wayneindustries.com), 2018-04-26T23:23:27-05:00[GMT-05:00], do, do), org.ajoberstar.grgit.Person(Bruce Wayne, bruce.wayne@wayneindustries.com), refs/tags/reachable-tag, , , 2018-04-26T23:23:27-05:00[GMT-05:00]), org.ajoberstar.grgit.Tag(org.ajoberstar.grgit.Commit(787f306a89007ccdd472ee4e6c7787f42a422a95, [836b54335becaab220d1a50539aa5d195814c45c], org.ajoberstar.grgit.Person(Bruce Wayne, bruce.wayne@wayneindustries.com), org.ajoberstar.grgit.Person(Bruce Wayne, bruce.wayne@wayneindustries.com), 2018-04-26T23:23:27-05:00[GMT-05:00], do-unreachable, do-unreachable), org.ajoberstar.grgit.Person(Bruce Wayne, bruce.wayne@wayneindustries.com), refs/tags/unreachable-tag, , , 2018-04-26T23:23:27-05:00[GMT-05:00])]
[org.ajoberstar.grgit.Branch(refs/heads/master), org.ajoberstar.grgit.Branch(refs/heads/my-branch), org.ajoberstar.grgit.Branch(refs/heads/sub/mine1), org.ajoberstar.grgit.Branch(refs/heads/sub/mine2), org.ajoberstar.grgit.Branch(refs/heads/unreachable-branch)]
[org.ajoberstar.grgit.Tag(org.ajoberstar.grgit.Commit(62eb01cdff7613049feaa995bda8c10129832311, [e1b1d4e8418ec87f6746531db33ede6512a024e9], org.ajoberstar.grgit.Person(Bruce Wayne, bruce.wayne@wayneindustries.com), org.ajoberstar.grgit.Person(Bruce Wayne, bruce.wayne@wayneindustries.com), 2018-04-26T23:23:28-05:00[GMT-05:00], do, do), org.ajoberstar.grgit.Person(Bruce Wayne, bruce.wayne@wayneindustries.com), refs/tags/reachable-tag, , , 2018-04-26T23:23:28-05:00[GMT-05:00]), org.ajoberstar.grgit.Tag(org.ajoberstar.grgit.Commit(8f7e42b2c0d4797ccc02e3e490a7c1a77138e74f, [62eb01cdff7613049feaa995bda8c10129832311], org.ajoberstar.grgit.Person(Bruce Wayne, bruce.wayne@wayneindustries.com), org.ajoberstar.grgit.Person(Bruce Wayne, bruce.wayne@wayneindustries.com), 2018-04-26T23:23:28-05:00[GMT-05:00], do-unreachable, do-unreachable), org.ajoberstar.grgit.Person(Bruce Wayne, bruce.wayne@wayneindustries.com), refs/tags/unreachable-tag, , , 2018-04-26T23:23:28-05:00[GMT-05:00])]
[org.ajoberstar.grgit.Branch(refs/heads/master), org.ajoberstar.grgit.Branch(refs/heads/my-branch), org.ajoberstar.grgit.Branch(refs/heads/sub/mine1), org.ajoberstar.grgit.Branch(refs/heads/sub/mine2), org.ajoberstar.grgit.Branch(refs/heads/unreachable-branch)]
[org.ajoberstar.grgit.Tag(org.ajoberstar.grgit.Commit(c613873adacecde674f06a145c6912afbc19a447, [e1b1d4e8418ec87f6746531db33ede6512a024e9], org.ajoberstar.grgit.Person(Bruce Wayne, bruce.wayne@wayneindustries.com), org.ajoberstar.grgit.Person(Bruce Wayne, bruce.wayne@wayneindustries.com), 2018-04-26T23:23:29-05:00[GMT-05:00], do, do), org.ajoberstar.grgit.Person(Bruce Wayne, bruce.wayne@wayneindustries.com), refs/tags/reachable-tag, , , 2018-04-26T23:23:29-05:00[GMT-05:00]), org.ajoberstar.grgit.Tag(org.ajoberstar.grgit.Commit(4a0482c863693b76e8c7231e283efca804fdad86, [c613873adacecde674f06a145c6912afbc19a447], org.ajoberstar.grgit.Person(Bruce Wayne, bruce.wayne@wayneindustries.com), org.ajoberstar.grgit.Person(Bruce Wayne, bruce.wayne@wayneindustries.com), 2018-04-26T23:23:29-05:00[GMT-05:00], do-unreachable, do-unreachable), org.ajoberstar.grgit.Person(Bruce Wayne, bruce.wayne@wayneindustries.com), refs/tags/unreachable-tag, , , 2018-04-26T23:23:29-05:00[GMT-05:00])]
[org.ajoberstar.grgit.Branch(refs/heads/master), org.ajoberstar.grgit.Branch(refs/heads/my-branch), org.ajoberstar.grgit.Branch(refs/heads/sub/mine1), org.ajoberstar.grgit.Branch(refs/heads/sub/mine2), org.ajoberstar.grgit.Branch(refs/heads/unreachable-branch)]
[org.ajoberstar.grgit.Tag(org.ajoberstar.grgit.Commit(addbbf2f28b4685b5c4fec6f3e254563504fc263, [c029ca44dd8c340cc7bcc84a24145c1050ca5df6], org.ajoberstar.grgit.Person(Bruce Wayne, bruce.wayne@wayneindustries.com), org.ajoberstar.grgit.Person(Bruce Wayne, bruce.wayne@wayneindustries.com), 2018-04-26T23:23:29-05:00[GMT-05:00], do, do), org.ajoberstar.grgit.Person(Bruce Wayne, bruce.wayne@wayneindustries.com), refs/tags/reachable-tag, , , 2018-04-26T23:23:29-05:00[GMT-05:00]), org.ajoberstar.grgit.Tag(org.ajoberstar.grgit.Commit(d6da00163f39a1502c67fda1dfe99b82ce5989ef, [addbbf2f28b4685b5c4fec6f3e254563504fc263], org.ajoberstar.grgit.Person(Bruce Wayne, bruce.wayne@wayneindustries.com), org.ajoberstar.grgit.Person(Bruce Wayne, bruce.wayne@wayneindustries.com), 2018-04-26T23:23:29-05:00[GMT-05:00], do-unreachable, do-unreachable), org.ajoberstar.grgit.Person(Bruce Wayne, bruce.wayne@wayneindustries.com), refs/tags/unreachable-tag, , , 2018-04-26T23:23:29-05:00[GMT-05:00])]
[org.ajoberstar.grgit.Branch(refs/heads/master), org.ajoberstar.grgit.Branch(refs/heads/my-branch), org.ajoberstar.grgit.Branch(refs/heads/sub/mine1), org.ajoberstar.grgit.Branch(refs/heads/sub/mine2), org.ajoberstar.grgit.Branch(refs/heads/unreachable-branch)]
[org.ajoberstar.grgit.Tag(org.ajoberstar.grgit.Commit(9123e7451a7ffbc847d9f0bbff7c75050265d112, [bc2cb3af24932cc28baa3d6e2ac339f5e4fbff59], org.ajoberstar.grgit.Person(Bruce Wayne, bruce.wayne@wayneindustries.com), org.ajoberstar.grgit.Person(Bruce Wayne, bruce.wayne@wayneindustries.com), 2018-04-26T23:23:30-05:00[GMT-05:00], do, do), org.ajoberstar.grgit.Person(Bruce Wayne, bruce.wayne@wayneindustries.com), refs/tags/reachable-tag, , , 2018-04-26T23:23:30-05:00[GMT-05:00]), org.ajoberstar.grgit.Tag(org.ajoberstar.grgit.Commit(27b19eb1bbe41773005c5ca588edc3f620929e11, [9123e7451a7ffbc847d9f0bbff7c75050265d112], org.ajoberstar.grgit.Person(Bruce Wayne, bruce.wayne@wayneindustries.com), org.ajoberstar.grgit.Person(Bruce Wayne, bruce.wayne@wayneindustries.com), 2018-04-26T23:23:30-05:00[GMT-05:00], do-unreachable, do-unreachable), org.ajoberstar.grgit.Person(Bruce Wayne, bruce.wayne@wayneindustries.com), refs/tags/unreachable-tag, , , 2018-04-26T23:23:30-05:00[GMT-05:00])]
]]></system-out>
  <system-err><![CDATA[]]></system-err>
</testsuite>
