<?xml version="1.0" encoding="UTF-8"?>
<testsuite name="org.ajoberstar.grgit.operation.RemoteListOpSpec" tests="1" skipped="0" failures="0" errors="0" timestamp="2018-04-27T04:23:39" hostname="HP-OfficeJet-Pro-8720.local" time="0.191">
  <properties/>
  <testcase name="will list all remotes" classname="org.ajoberstar.grgit.operation.RemoteListOpSpec" time="0.191"/>
  <system-out><![CDATA[]]></system-out>
  <system-err><![CDATA[]]></system-err>
</testsuite>
