<?xml version="1.0" encoding="UTF-8"?>
<testsuite name="org.ajoberstar.grgit.operation.DescribeOpSpec" tests="5" skipped="0" failures="0" errors="0" timestamp="2018-04-27T04:23:33" hostname="HP-OfficeJet-Pro-8720.local" time="0.8">
  <properties/>
  <testcase name="with tag" classname="org.ajoberstar.grgit.operation.DescribeOpSpec" time="0.184"/>
  <testcase name="with additional commit" classname="org.ajoberstar.grgit.operation.DescribeOpSpec" time="0.184"/>
  <testcase name="from differnt commit" classname="org.ajoberstar.grgit.operation.DescribeOpSpec" time="0.145"/>
  <testcase name="with long description" classname="org.ajoberstar.grgit.operation.DescribeOpSpec" time="0.139"/>
  <testcase name="with match" classname="org.ajoberstar.grgit.operation.DescribeOpSpec" time="0.148"/>
  <system-out><![CDATA[]]></system-out>
  <system-err><![CDATA[]]></system-err>
</testsuite>
