<?xml version="1.0" encoding="UTF-8"?>
<testsuite name="org.ajoberstar.grgit.operation.RmOpSpec" tests="4" skipped="0" failures="0" errors="0" timestamp="2018-04-27T04:23:22" hostname="HP-OfficeJet-Pro-8720.local" time="0.535">
  <properties/>
  <testcase name="removing specific file only removes that file" classname="org.ajoberstar.grgit.operation.RmOpSpec" time="0.145"/>
  <testcase name="removing specific directory removes all files within it" classname="org.ajoberstar.grgit.operation.RmOpSpec" time="0.125"/>
  <testcase name="removing file pattern does not work due to lack of JGit support" classname="org.ajoberstar.grgit.operation.RmOpSpec" time="0.136"/>
  <testcase name="removing with cached true only removes files from index" classname="org.ajoberstar.grgit.operation.RmOpSpec" time="0.129"/>
  <system-out><![CDATA[]]></system-out>
  <system-err><![CDATA[]]></system-err>
</testsuite>
