<?xml version="1.0" encoding="UTF-8"?>
<testsuite name="org.ajoberstar.grgit.operation.ApplyOpSpec" tests="2" skipped="0" failures="0" errors="0" timestamp="2018-04-27T04:23:34" hostname="HP-OfficeJet-Pro-8720.local" time="0.172">
  <properties/>
  <testcase name="apply with no patch fails" classname="org.ajoberstar.grgit.operation.ApplyOpSpec" time="0.042"/>
  <testcase name="apply with patch succeeds" classname="org.ajoberstar.grgit.operation.ApplyOpSpec" time="0.13"/>
  <system-out><![CDATA[]]></system-out>
  <system-err><![CDATA[]]></system-err>
</testsuite>
