<?xml version="1.0" encoding="UTF-8"?>
<testsuite name="org.ajoberstar.grgit.operation.InitOpSpec" tests="3" skipped="0" failures="0" errors="0" timestamp="2018-04-27T04:23:18" hostname="HP-OfficeJet-Pro-8720.local" time="0.081">
  <properties/>
  <testcase name="init with bare true does not have a working tree" classname="org.ajoberstar.grgit.operation.InitOpSpec" time="0.055"/>
  <testcase name="init with bare false has a working tree" classname="org.ajoberstar.grgit.operation.InitOpSpec" time="0.017"/>
  <testcase name="init repo can be deleted after being closed" classname="org.ajoberstar.grgit.operation.InitOpSpec" time="0.009"/>
  <system-out><![CDATA[]]></system-out>
  <system-err><![CDATA[]]></system-err>
</testsuite>
