<?xml version="1.0" encoding="UTF-8"?>
<testsuite name="org.ajoberstar.grgit.gradle.BaseCompatTest" tests="3" skipped="0" failures="0" errors="0" timestamp="2018-04-27T04:18:24" hostname="HP-OfficeJet-Pro-8720.local" time="9.17">
  <properties/>
  <testcase name="with no repo, plugin sets grgit to null" classname="org.ajoberstar.grgit.gradle.BaseCompatTest" time="7.642"/>
  <testcase name="with repo, plugin opens the repo as grgit" classname="org.ajoberstar.grgit.gradle.BaseCompatTest" time="1.287"/>
  <testcase name="with repo, plugin closes the repo after build is finished" classname="org.ajoberstar.grgit.gradle.BaseCompatTest" time="0.241"/>
  <system-out><![CDATA[No git repository found for :. Accessing grgit will cause an NPE.
:doStuff

BUILD SUCCESSFUL

Total time: 5.264 secs
1.0.0
The client will now receive all logging from the daemon (pid: 98387). The daemon log file: /var/folders/yr/543vxp0d2pj84mhjhwjyf7p80000gn/T/.gradle-test-kit-andreakosta/test-kit-daemon/3.1/daemon-98387.out.log
Starting 3rd build in daemon [uptime: 6.023 secs, performance: 98%, GC rate: 0.33/s, tenured heap usage: 1% of 716.2 MB]
Executing build with daemon context: DefaultDaemonContext[uid=d496c36a-0dae-46a6-8ebc-10a9a2d27ef7,javaHome=/Library/Java/JavaVirtualMachines/jdk1.8.0_60.jdk/Contents/Home,daemonRegistryDir=/var/folders/yr/543vxp0d2pj84mhjhwjyf7p80000gn/T/.gradle-test-kit-andreakosta/test-kit-daemon,pid=98387,idleTimeout=120000,daemonOpts=-XX:MaxPermSize=256m,-XX:+HeapDumpOnOutOfMemoryError,-Xmx1024m,-Dfile.encoding=UTF-8,-Duser.country=US,-Duser.language=en,-Duser.variant]
Closing daemon's stdin at end of input.
The daemon will no longer process any standard input.
Starting Build
Settings evaluated using settings file '/private/var/folders/yr/543vxp0d2pj84mhjhwjyf7p80000gn/T/junit4364445981134226571/project/settings.gradle'.
Projects loaded. Root project using build file '/private/var/folders/yr/543vxp0d2pj84mhjhwjyf7p80000gn/T/junit4364445981134226571/project/build.gradle'.
Included projects: [root project 'project']
Evaluating root project 'project' using build file '/private/var/folders/yr/543vxp0d2pj84mhjhwjyf7p80000gn/T/junit4364445981134226571/project/build.gradle'.
All projects evaluated.
Selected primary task 'doStuff' from project :
Tasks to be executed: [task ':doStuff']
:doStuff (Thread[Daemon worker,5,main]) started.
:doStuff
Executing task ':doStuff' (up-to-date check took 0.0 secs) due to:
  Task has not declared any outputs.
1.0.0
:doStuff (Thread[Daemon worker,5,main]) completed. Took 0.012 secs.

BUILD SUCCESSFUL

Total time: 0.141 secs
Closing Git repo: /private/var/folders/yr/543vxp0d2pj84mhjhwjyf7p80000gn/T/junit4364445981134226571/project/.git
]]></system-out>
  <system-err><![CDATA[]]></system-err>
</testsuite>
